<?xml version="1.0" encoding="UTF-8"?>
<testsuite xmlns:xsi="http://www.w3.org/2001/XMLSchema-instance" xsi:noNamespaceSchemaLocation="https://maven.apache.org/surefire/maven-surefire-plugin/xsd/surefire-test-report-3.0.xsd" version="3.0" name="SwitchExpressionTests" time="0.309" tests="6" errors="0" skipped="0" failures="0">
  <properties>
[...]
</properties>
  <testcase name="testSimpleExpressionWithDoubleBrackets" classname="SwitchExpressionTests" time="0.051">
    <system-out><![CDATA[1
1
-------------------------------
testSimpleExpressionWithDoubleBrackets
manyonetwomanymanymanymanymanymanymany
manyonetwomanymanymanymanymanymanymany
]]></system-out>
  </testcase>
  <testcase name="testSimpleExpressionWithNested" classname="SwitchExpressionTests" time="0.059">
    <system-out><![CDATA[-------------------------------
testSimpleExpressionWithNested
1123141516272829
1123141516272829
]]></system-out>
  </testcase>
  <testcase name="testSimpleExpressionWithSomeYield" classname="SwitchExpressionTests" time="0.049">
    <system-out><![CDATA[-------------------------------
testSimpleExpressionWithSomeYield
1123000000
1123000000
]]></system-out>
  </testcase>
  <testcase name="testSimpleExpressionWithYields1" classname="SwitchExpressionTests" time="0.046">
    <system-out><![CDATA[test
test
test
test
test
test
test
test
test
test
test
test
test
test
test
test
test
test
test
test
-------------------------------
testSimpleExpressionWithYields1
331123000000
331123000000
]]></system-out>
  </testcase>
  <testcase name="testSimpleExpressionWithYields2" classname="SwitchExpressionTests" time="0.053">
    <system-out><![CDATA[test
test
test
test
test
test
test
test
test
test
test
test
test
test
test
test
test
test
test
test
-------------------------------
testSimpleExpressionWithYields2
1123000000
1123000000
]]></system-out>
  </testcase>
  <testcase name="testSimpleExpression" classname="SwitchExpressionTests" time="0.051">
    <system-out><![CDATA[-------------------------------
testSimpleExpression
manyonetwomanymanymanymanymanymanymany
manyonetwomanymanymanymanymanymanymany
]]></system-out>
  </testcase>
</testsuite>